MPI startup(): Warning: I_MPI_PMI_LIBRARY will be ignored since the hydra process manager was found
MPI startup(): Warning: I_MPI_PMI_LIBRARY will be ignored since the hydra process manager was found
MPI startup(): Warning: I_MPI_PMI_LIBRARY will be ignored since the hydra process manager was found
MPI startup(): Warning: I_MPI_PMI_LIBRARY will be ignored since the hydra process manager was found
MPI startup(): Warning: I_MPI_PMI_LIBRARY will be ignored since the hydra process manager was found
MPI startup(): Warning: I_MPI_PMI_LIBRARY will be ignored since the hydra process manager was found
MPI startup(): Warning: I_MPI_PMI_LIBRARY will be ignored since the hydra process manager was found
MPI startup(): Warning: I_MPI_PMI_LIBRARY will be ignored since the hydra process manager was found
MPI startup(): Warning: I_MPI_PMI_LIBRARY will be ignored since the hydra process manager was found
MPI startup(): Warning: I_MPI_PMI_LIBRARY will be ignored since the hydra process manager was found
MPI startup(): Warning: I_MPI_PMI_LIBRARY will be ignored since the hydra process manager was found
MPI startup(): Warning: I_MPI_PMI_LIBRARY will be ignored since the hydra process manager was found
MPI startup(): Warning: I_MPI_PMI_LIBRARY will be ignored since the hydra process manager was found
MPI startup(): Warning: I_MPI_PMI_LIBRARY will be ignored since the hydra process manager was found
MPI startup(): Warning: I_MPI_PMI_LIBRARY will be ignored since the hydra process manager was found
MPI startup(): Warning: I_MPI_PMI_LIBRARY will be ignored since the hydra process manager was found
MPI startup(): Warning: I_MPI_PMI_LIBRARY will be ignored since the hydra process manager was found
MPI startup(): Warning: I_MPI_PMI_LIBRARY will be ignored since the hydra process manager was found
MPI startup(): Warning: I_MPI_PMI_LIBRARY will be ignored since the hydra process manager was found
MPI startup(): Warning: I_MPI_PMI_LIBRARY will be ignored since the hydra process manager was found
MPI startup(): Warning: I_MPI_PMI_LIBRARY will be ignored since the hydra process manager was found
MPI startup(): Warning: I_MPI_PMI_LIBRARY will be ignored since the hydra process manager was found
MPI startup(): Warning: I_MPI_PMI_LIBRARY will be ignored since the hydra process manager was found
MPI startup(): Warning: I_MPI_PMI_LIBRARY will be ignored since the hydra process manager was found
MPI startup(): Warning: I_MPI_PMI_LIBRARY will be ignored since the hydra process manager was found
MPI startup(): Warning: I_MPI_PMI_LIBRARY will be ignored since the hydra process manager was found
MPI startup(): Warning: I_MPI_PMI_LIBRARY will be ignored since the hydra process manager was found
MPI startup(): Warning: I_MPI_PMI_LIBRARY will be ignored since the hydra process manager was found
MPI startup(): Warning: I_MPI_PMI_LIBRARY will be ignored since the hydra process manager was found
MPI startup(): Warning: I_MPI_PMI_LIBRARY will be ignored since the hydra process manager was found
MPI startup(): Warning: I_MPI_PMI_LIBRARY will be ignored since the hydra process manager was found
MPI startup(): Warning: I_MPI_PMI_LIBRARY will be ignored since the hydra process manager was found
MPI startup(): Warning: I_MPI_PMI_LIBRARY will be ignored since the hydra process manager was found
MPI startup(): Warning: I_MPI_PMI_LIBRARY will be ignored since the hydra process manager was found
MPI startup(): Warning: I_MPI_PMI_LIBRARY will be ignored since the hydra process manager was found
MPI startup(): Warning: I_MPI_PMI_LIBRARY will be ignored since the hydra process manager was found
MPI startup(): Warning: I_MPI_PMI_LIBRARY will be ignored since the hydra process manager was found
MPI startup(): Warning: I_MPI_PMI_LIBRARY will be ignored since the hydra process manager was found
MPI startup(): Warning: I_MPI_PMI_LIBRARY will be ignored since the hydra process manager was found
MPI startup(): Warning: I_MPI_PMI_LIBRARY will be ignored since the hydra process manager was found
MPI startup(): Warning: I_MPI_PMI_LIBRARY will be ignored since the hydra process manager was found
MPI startup(): Warning: I_MPI_PMI_LIBRARY will be ignored since the hydra process manager was found
MPI startup(): Warning: I_MPI_PMI_LIBRARY will be ignored since the hydra process manager was found
MPI startup(): Warning: I_MPI_PMI_LIBRARY will be ignored since the hydra process manager was found
MPI startup(): Warning: I_MPI_PMI_LIBRARY will be ignored since the hydra process manager was found
MPI startup(): Warning: I_MPI_PMI_LIBRARY will be ignored since the hydra process manager was found
MPI startup(): Warning: I_MPI_PMI_LIBRARY will be ignored since the hydra process manager was found
MPI startup(): Warning: I_MPI_PMI_LIBRARY will be ignored since the hydra process manager was found
MPI startup(): Warning: I_MPI_PMI_LIBRARY will be ignored since the hydra process manager was found
MPI startup(): Warning: I_MPI_PMI_LIBRARY will be ignored since the hydra process manager was found
MPI startup(): Warning: I_MPI_PMI_LIBRARY will be ignored since the hydra process manager was found
MPI startup(): Warning: I_MPI_PMI_LIBRARY will be ignored since the hydra process manager was found
MPI startup(): Warning: I_MPI_PMI_LIBRARY will be ignored since the hydra process manager was found
MPI startup(): Warning: I_MPI_PMI_LIBRARY will be ignored since the hydra process manager was found
MPI startup(): Warning: I_MPI_PMI_LIBRARY will be ignored since the hydra process manager was found
MPI startup(): Warning: I_MPI_PMI_LIBRARY will be ignored since the hydra process manager was found
MPI startup(): Warning: I_MPI_PMI_LIBRARY will be ignored since the hydra process manager was found
MPI startup(): Warning: I_MPI_PMI_LIBRARY will be ignored since the hydra process manager was found
MPI startup(): Warning: I_MPI_PMI_LIBRARY will be ignored since the hydra process manager was found
MPI startup(): Warning: I_MPI_PMI_LIBRARY will be ignored since the hydra process manager was found
MPI startup(): Warning: I_MPI_PMI_LIBRARY will be ignored since the hydra process manager was found
MPI startup(): Warning: I_MPI_PMI_LIBRARY will be ignored since the hydra process manager was found
MPI startup(): Warning: I_MPI_PMI_LIBRARY will be ignored since the hydra process manager was found
MPI startup(): Warning: I_MPI_PMI_LIBRARY will be ignored since the hydra process manager was found
                                                                                      
                                       ``:oss/                                        
                           `.+s+.     .+ys--yh+     `./ss+.                           
                          -sh//yy+`   +yy   +yy    -+h+-oyy                           
                          -yh- .oyy/.-sh.   .syo-.:sy-  /yh                           
                 `.-.`    `yh+   -oyyyo.     `/syys:    oys      `.`                  
               `/+ssys+-` `sh+      `                   oys`   .:osyo`                
               -yh- ./syyooyo`                          .sys+/oyo--yh/                
               `yy+    .-:-.                             `-/+/:`  -sh-                
                /yh.                                              oys                 
          ``..---hho---------`   .---------..`      `.-----.`    -hd+---.             
       `./osmNMMMMMMMMMMMMMMMs. +NNMMMMMMMMNNmh+.   yNMMMMMNm-  oNMMMMMNmo++:`        
       +sy--/sdMMMhyyyyyyyNMMh- .oyNMMmyyyyyhNMMm+` -yMMMdyyo:` .oyyNMMNhs+syy`       
       -yy/   /MMM+.`-+/``mMMy-   `mMMh:`````.dMMN:` `MMMy-`-dhhy```mMMy:``+hs        
        -yy+` /MMMo:-mMM+`-oo/.    mMMh:     `dMMN/`  dMMm:`dMMMMy..MMMo-.+yo`        
         .sys`/MMMMNNMMMs-         mMMmyooooymMMNo:   oMMM/sMMMMMM++MMN//oh:          
          `sh+/MMMhyyMMMs- `-`     mMMMMMMMMMNmy+-`   -MMMhMMMsmMMmdMMd/yy+           
    `-/+++oyy-/MMM+.`/hh/.`mNm:`   mMMd+/////:-.`      NMMMMMd/:NMMMMMy:/yyo/:.`      
   +os+//:-..-oMMMo:--:::-/MMMo. .-mMMd+---`           hMMMMN+. oMMMMMo. `-+osyso:`   
   syo     `mNMMMMMNNNNNNNNMMMo.oNNMMMMMNNNN:`         +MMMMs:`  dMMMN/`     ``:syo   
   /yh`     :syyyyyyyyyyyyyyyy+.`+syyyyyyyyo:`         .oyys:`   .oyys:`        +yh   
   -yh-        ````````````````    `````````              ``        ``          oys   
   -+h/------------------------::::::::://////++++++++++++++++++++++///////::::/yd:   
   shdddddddddddddddddddddddddddddhhhhhhhhyyyyyssssssssssssssssyyyyyyyhhhhhhhddddh`   
                                                                                      
  S. Ponce, E. R. Margine, C. Verdi, and F. Giustino,                                 
                                                Comput. Phys. Commun. 209, 116 (2016) 
                                                                                      

     Program EPW v.5.7 starts on 13Dec2024 at 14:44:39 

     This program is part of the open-source Quantum ESPRESSO suite
     for quantum simulation of materials; please cite
         "P. Giannozzi et al., J. Phys.:Condens. Matter 21 395502 (2009);
         "P. Giannozzi et al., J. Phys.:Condens. Matter 29 465901 (2017);
         "P. Giannozzi et al., J. Chem. Phys. 152 154105 (2020);
          URL http://www.quantum-espresso.org", 
     in publications or presentations arising from this work. More details at
     http://www.quantum-espresso.org/quote

     Parallel version (MPI & OpenMP), running on      64 processor cores
     Number of MPI processes:                64
     Threads/MPI process:                     1

     MPI processes distributed on     4 nodes
     path-images division:  nimage    =      16
     K-points division:     npool     =       4
     589662 MiB available memory on the printing compute node when the environment starts
 
     Reading input from epw1.in
      Title line not specified: using 'default'.

     Generating evenly spaced temperature list.

     Reading xml data from directory:

     ./out/Mo5PB2.save/

     IMPORTANT: XC functional enforced from input :
     Exchange-correlation= PBE
                           (   1   4   3   4   0   0   0)
     Any further DFT definition will be discarded
     Please, verify this is what you really want

 
     G-vector sticks info
     --------------------
     sticks:   dense  smooth     PW     G-vecs:    dense   smooth      PW
     Sum        1927    1927    711                39413    39413    8701
 
     Using Slab Decomposition
 
     Reading collected, re-writing distributed wavefunctions

Possibly too few bands at point    1   0.00000   0.00000   0.00000

Possibly too few bands at point    2   0.29113   0.29113   0.00000

Possibly too few bands at point    3   0.58226   0.58226   0.00000

Possibly too few bands at point    4   0.87339   0.87339   0.00000

Possibly too few bands at point    5   0.29113   0.00000   0.15732

Possibly too few bands at point    6   0.58226   0.29113   0.15732

Possibly too few bands at point    7   0.87339   0.58226   0.15732

Possibly too few bands at point    8   1.16452   0.87339   0.15732

Possibly too few bands at point    9   0.58226   0.00000   0.31465

Possibly too few bands at point   10   0.87339   0.29113   0.31465

Possibly too few bands at point   11   1.16452   0.58226   0.31465

Possibly too few bands at point   12   1.45565   0.87339   0.31465

Possibly too few bands at point   13   0.87339   0.00000   0.47197

Possibly too few bands at point   14   1.16452   0.29113   0.47197

Possibly too few bands at point   15   1.45565   0.58226   0.47197

Possibly too few bands at point   16   1.74677   0.87339   0.47197

     default                                                                    

     bravais-lattice index     =            0
     lattice parameter (a_0)   =      13.2054  a.u.
     unit-cell volume          =    1349.2206 (a.u.)^3
     number of atoms/cell      =           16
     number of atomic types    =            3
     kinetic-energy cut-off    =      36.0000  Ry
     charge density cut-off    =     144.0000  Ry
     Exchange-correlation= PBE
                           (   1   4   3   4   0   0   0)


     celldm(1)=   13.20543  celldm(2)=    0.00000  celldm(3)=    0.00000
     celldm(4)=    0.00000  celldm(5)=    0.00000  celldm(6)=    0.00000

     crystal axes: (cart. coord. in units of a_0)
               a(1) = ( -0.4294  0.4294  0.7945 )  
               a(2) = (  0.4294 -0.4294  0.7945 )  
               a(3) = (  0.4294  0.4294 -0.7945 )  

     reciprocal axes: (cart. coord. in units 2 pi/a_0)
               b(1) = (  0.0000  1.1645  0.6293 )  
               b(2) = (  1.1645  0.0000  0.6293 )  
               b(3) = (  1.1645  1.1645  0.0000 )  


     Atoms inside the unit cell: 

   Cartesian axes

     site n.  atom      mass           positions (a_0 units)
        1        Mo  95.9600   tau( 1) = (    0.53204    0.10268    0.00000  )
        2        Mo  95.9600   tau( 2) = (   -0.10268    0.32669    0.79454  )
        3        Mo  95.9600   tau( 3) = (    0.32669    0.10268    0.79454  )
        4        Mo  95.9600   tau( 4) = (    0.10268    0.32669    0.00000  )
        5        Mo  95.9600   tau( 5) = (    0.00000    0.00000    0.00000  )
        6        Mo  95.9600   tau( 6) = (    0.00000    0.00000    0.79454  )
        7        Mo  95.9600   tau( 7) = (    0.14220    0.57156    0.22307  )
        8        Mo  95.9600   tau( 8) = (    0.28716   -0.14220    0.57148  )
        9        Mo  95.9600   tau( 9) = (    0.28716   -0.14220    1.01761  )
       10        Mo  95.9600   tau(10) = (    0.14220    0.57156   -0.22307  )
       11        Mo  95.9600   tau(11) = (    0.28716    0.14220    0.22307  )
       12        Mo  95.9600   tau(12) = (    0.14220    0.28716    0.57148  )
       13        Mo  95.9600   tau(13) = (    0.14220    0.28716    1.01761  )
       14        Mo  95.9600   tau(14) = (    0.28716    0.14220   -0.22307  )
       15        Mo  95.9600   tau(15) = (    0.00000    0.00000    0.39727  )
       16        Mo  95.9600   tau(16) = (    0.00000    0.00000    1.19181  )
 
     17 Sym.Ops. (with q -> -q+G )


     G cutoff =  636.0744  (  39413 G-vectors)     FFT grid: ( 54, 54, 54)
     number of k points=   64  gaussian broad. (Ry)=  0.0500     ngauss =  -1
                       cart. coord. in units 2pi/a_0
        k(    1) = (   0.0000000   0.0000000   0.0000000), wk =   0.0312500
        k(    2) = (   0.2911290   0.2911290   0.0000000), wk =   0.0312500
        k(    3) = (   0.5822580   0.5822580   0.0000000), wk =   0.0312500
        k(    4) = (   0.8733870   0.8733870   0.0000000), wk =   0.0312500
        k(    5) = (   0.2911290   0.0000000   0.1573236), wk =   0.0312500
        k(    6) = (   0.5822580   0.2911290   0.1573236), wk =   0.0312500
        k(    7) = (   0.8733870   0.5822580   0.1573236), wk =   0.0312500
        k(    8) = (   1.1645160   0.8733870   0.1573236), wk =   0.0312500
        k(    9) = (   0.5822580   0.0000000   0.3146472), wk =   0.0312500
        k(   10) = (   0.8733870   0.2911290   0.3146472), wk =   0.0312500
        k(   11) = (   1.1645160   0.5822580   0.3146472), wk =   0.0312500
        k(   12) = (   1.4556450   0.8733870   0.3146472), wk =   0.0312500
        k(   13) = (   0.8733870   0.0000000   0.4719708), wk =   0.0312500
        k(   14) = (   1.1645160   0.2911290   0.4719708), wk =   0.0312500
        k(   15) = (   1.4556450   0.5822580   0.4719708), wk =   0.0312500
        k(   16) = (   1.7467740   0.8733870   0.4719708), wk =   0.0312500
        k(   17) = (   0.0000000   0.2911290   0.1573236), wk =   0.0312500
        k(   18) = (   0.2911290   0.5822580   0.1573236), wk =   0.0312500
        k(   19) = (   0.5822580   0.8733870   0.1573236), wk =   0.0312500
        k(   20) = (   0.8733870   1.1645160   0.1573236), wk =   0.0312500
        k(   21) = (   0.2911290   0.2911290   0.3146472), wk =   0.0312500
        k(   22) = (   0.5822580   0.5822580   0.3146472), wk =   0.0312500
        k(   23) = (   0.8733870   0.8733870   0.3146472), wk =   0.0312500
        k(   24) = (   1.1645160   1.1645160   0.3146472), wk =   0.0312500
        k(   25) = (   0.5822580   0.2911290   0.4719708), wk =   0.0312500
        k(   26) = (   0.8733870   0.5822580   0.4719708), wk =   0.0312500
        k(   27) = (   1.1645160   0.8733870   0.4719708), wk =   0.0312500
        k(   28) = (   1.4556450   1.1645160   0.4719708), wk =   0.0312500
        k(   29) = (   0.8733870   0.2911290   0.6292944), wk =   0.0312500
        k(   30) = (   1.1645160   0.5822580   0.6292944), wk =   0.0312500
        k(   31) = (   1.4556450   0.8733870   0.6292944), wk =   0.0312500
        k(   32) = (   1.7467740   1.1645160   0.6292944), wk =   0.0312500
        k(   33) = (   0.0000000   0.5822580   0.3146472), wk =   0.0312500
        k(   34) = (   0.2911290   0.8733870   0.3146472), wk =   0.0312500
        k(   35) = (   0.5822580   1.1645160   0.3146472), wk =   0.0312500
        k(   36) = (   0.8733870   1.4556450   0.3146472), wk =   0.0312500
        k(   37) = (   0.2911290   0.5822580   0.4719708), wk =   0.0312500
        k(   38) = (   0.5822580   0.8733870   0.4719708), wk =   0.0312500
        k(   39) = (   0.8733870   1.1645160   0.4719708), wk =   0.0312500
        k(   40) = (   1.1645160   1.4556450   0.4719708), wk =   0.0312500
        k(   41) = (   0.5822580   0.5822580   0.6292944), wk =   0.0312500
        k(   42) = (   0.8733870   0.8733870   0.6292944), wk =   0.0312500
        k(   43) = (   1.1645160   1.1645160   0.6292944), wk =   0.0312500
        k(   44) = (   1.4556450   1.4556450   0.6292944), wk =   0.0312500
        k(   45) = (   0.8733870   0.5822580   0.7866180), wk =   0.0312500
        k(   46) = (   1.1645160   0.8733870   0.7866180), wk =   0.0312500
        k(   47) = (   1.4556450   1.1645160   0.7866180), wk =   0.0312500
        k(   48) = (   1.7467740   1.4556450   0.7866180), wk =   0.0312500
        k(   49) = (   0.0000000   0.8733870   0.4719708), wk =   0.0312500
        k(   50) = (   0.2911290   1.1645160   0.4719708), wk =   0.0312500
        k(   51) = (   0.5822580   1.4556450   0.4719708), wk =   0.0312500
        k(   52) = (   0.8733870   1.7467740   0.4719708), wk =   0.0312500
        k(   53) = (   0.2911290   0.8733870   0.6292944), wk =   0.0312500
        k(   54) = (   0.5822580   1.1645160   0.6292944), wk =   0.0312500
        k(   55) = (   0.8733870   1.4556450   0.6292944), wk =   0.0312500
        k(   56) = (   1.1645160   1.7467740   0.6292944), wk =   0.0312500
        k(   57) = (   0.5822580   0.8733870   0.7866180), wk =   0.0312500
        k(   58) = (   0.8733870   1.1645160   0.7866180), wk =   0.0312500
        k(   59) = (   1.1645160   1.4556450   0.7866180), wk =   0.0312500
        k(   60) = (   1.4556450   1.7467740   0.7866180), wk =   0.0312500
        k(   61) = (   0.8733870   0.8733870   0.9439415), wk =   0.0312500
        k(   62) = (   1.1645160   1.1645160   0.9439415), wk =   0.0312500
        k(   63) = (   1.4556450   1.4556450   0.9439415), wk =   0.0312500
        k(   64) = (   1.7467740   1.7467740   0.9439415), wk =   0.0312500

     PseudoPot. # 1 for B  read from file:
     /home/ccarrio/Superconductors/QE-Mo5PB2/pseudo/B_pbe_v1.01.uspp.F.UPF
     MD5 check sum: d081ebb89d0c768e112975f650467a00
     Pseudo is Ultrasoft + core correction, Zval =  3.0
     Generated by new atomic code, or converted to UPF format
     Using radial grid of  781 points,  4 beta functions with: 
                l(1) =   0
                l(2) =   0
                l(3) =   1
                l(4) =   1
     Q(r) pseudized with  8 coefficients,  rinner =    1.100   1.100   1.100


     PseudoPot. # 2 for Mo read from file:
     /home/ccarrio/Superconductors/QE-Mo5PB2/pseudo/Mo_ONCV_PBE-1.0.oncvpsp.upf
     MD5 check sum: 1b5d28e075c9ccadda658a603575cd1f
     Pseudo is Norm-conserving, Zval = 14.0
     Generated using ONCVPSP code by D. R. Hamann
     Using radial grid of 1526 points,  6 beta functions with: 
                l(1) =   0
                l(2) =   0
                l(3) =   1
                l(4) =   1
                l(5) =   2
                l(6) =   2

     PseudoPot. # 3 for P  read from file:
     /home/ccarrio/Superconductors/QE-Mo5PB2/pseudo/P.pbe-n-rrkjus_psl.1.0.0.UPF
     MD5 check sum: 8b930f418f0a4573dca56cd030ffe088
     Pseudo is Ultrasoft + core correction, Zval =  5.0
     Generated using "atomic" code by A. Dal Corso  v.5.1
     Using radial grid of 1147 points,  6 beta functions with: 
                l(1) =   0
                l(2) =   0
                l(3) =   1
                l(4) =   1
                l(5) =   2
                l(6) =   2
     Q(r) pseudized with 0 coefficients 

     EPW          :      1.75s CPU      2.96s WALL

     EPW          :      2.55s CPU      3.78s WALL

     -------------------------------------------------------------------
     Wannierization on  4 x  4 x  4 electronic grid
     -------------------------------------------------------------------
 
     Spin CASE ( default = unpolarized )
 
     Initializing Wannier90
 
 
     Initial Wannier projections
 
     (   0.11957   0.61957   0.73913) :  l =   2 mr =   1
     (   0.11957   0.61957   0.73913) :  l =   2 mr =   2
     (   0.11957   0.61957   0.73913) :  l =   2 mr =   3
     (   0.11957   0.61957   0.73913) :  l =   2 mr =   4
     (   0.11957   0.61957   0.73913) :  l =   2 mr =   5
     (   0.88043   0.38043   0.26087) :  l =   2 mr =   1
     (   0.88043   0.38043   0.26087) :  l =   2 mr =   2
     (   0.88043   0.38043   0.26087) :  l =   2 mr =   3
     (   0.88043   0.38043   0.26087) :  l =   2 mr =   4
     (   0.88043   0.38043   0.26087) :  l =   2 mr =   5
     (   0.61957   0.88043   0.50000) :  l =   2 mr =   1
     (   0.61957   0.88043   0.50000) :  l =   2 mr =   2
     (   0.61957   0.88043   0.50000) :  l =   2 mr =   3
     (   0.61957   0.88043   0.50000) :  l =   2 mr =   4
     (   0.61957   0.88043   0.50000) :  l =   2 mr =   5
     (   0.38043   0.11957   0.50000) :  l =   2 mr =   1
     (   0.38043   0.11957   0.50000) :  l =   2 mr =   2
     (   0.38043   0.11957   0.50000) :  l =   2 mr =   3
     (   0.38043   0.11957   0.50000) :  l =   2 mr =   4
     (   0.38043   0.11957   0.50000) :  l =   2 mr =   5
     (   0.00000   0.00000   0.00000) :  l =   2 mr =   1
     (   0.00000   0.00000   0.00000) :  l =   2 mr =   2
     (   0.00000   0.00000   0.00000) :  l =   2 mr =   3
     (   0.00000   0.00000   0.00000) :  l =   2 mr =   4
     (   0.00000   0.00000   0.00000) :  l =   2 mr =   5
     (   0.50000   0.50000   0.00000) :  l =   2 mr =   1
     (   0.50000   0.50000   0.00000) :  l =   2 mr =   2
     (   0.50000   0.50000   0.00000) :  l =   2 mr =   3
     (   0.50000   0.50000   0.00000) :  l =   2 mr =   4
     (   0.50000   0.50000   0.00000) :  l =   2 mr =   5
     (   0.80597   0.30597   0.83119) :  l =   2 mr =   1
     (   0.80597   0.30597   0.83119) :  l =   2 mr =   2
     (   0.80597   0.30597   0.83119) :  l =   2 mr =   3
     (   0.80597   0.30597   0.83119) :  l =   2 mr =   4
     (   0.80597   0.30597   0.83119) :  l =   2 mr =   5
     (   0.19403   0.69403   0.16881) :  l =   2 mr =   1
     (   0.19403   0.69403   0.16881) :  l =   2 mr =   2
     (   0.19403   0.69403   0.16881) :  l =   2 mr =   3
     (   0.19403   0.69403   0.16881) :  l =   2 mr =   4
     (   0.19403   0.69403   0.16881) :  l =   2 mr =   5
     (   0.47478   0.97478   0.16881) :  l =   2 mr =   1
     (   0.47478   0.97478   0.16881) :  l =   2 mr =   2
     (   0.47478   0.97478   0.16881) :  l =   2 mr =   3
     (   0.47478   0.97478   0.16881) :  l =   2 mr =   4
     (   0.47478   0.97478   0.16881) :  l =   2 mr =   5
     (   0.52522   0.02522   0.83119) :  l =   2 mr =   1
     (   0.52522   0.02522   0.83119) :  l =   2 mr =   2
     (   0.52522   0.02522   0.83119) :  l =   2 mr =   3
     (   0.52522   0.02522   0.83119) :  l =   2 mr =   4
     (   0.52522   0.02522   0.83119) :  l =   2 mr =   5
     (   0.30597   0.47478   0.50000) :  l =   2 mr =   1
     (   0.30597   0.47478   0.50000) :  l =   2 mr =   2
     (   0.30597   0.47478   0.50000) :  l =   2 mr =   3
     (   0.30597   0.47478   0.50000) :  l =   2 mr =   4

      - Number of bands is (115)
      - Number of total bands is (115)
      - Number of excluded bands is (  0)
      - Number of wannier functions is ( 54)
      - All guiding functions are given 
 
  Reading data about k-point neighbours 
 
      - All neighbours are found 
 
     AMN
      k points =    64 in    4 pools
            1 of   16 on ionode

 %%%%%%%%%%%%%%%%%%%%%%%%%%%%%%%%%%%%%%%%%%%%%%%%%%%%%%%%%%%%%%%%%%%%%%%%%%%%%%
     Error in routine calbec (3):
     size mismatch
 %%%%%%%%%%%%%%%%%%%%%%%%%%%%%%%%%%%%%%%%%%%%%%%%%%%%%%%%%%%%%%%%%%%%%%%%%%%%%%

     stopping ...
